[INFO ] 2021-01-25 20:30:57.526 [main] BrowserSetup - **************************Test will be run on chrome**************************
[INFO ] 2021-01-25 20:31:01.764 [main] BrowserSetup - *************************Browser Launched******************************
[INFO ] 2021-01-25 20:31:09.888 [main] SeleniumActions - Navigated to :https://www.seleniumeasy.com/test
[INFO ] 2021-01-25 20:31:10.009 [main] SeleniumActions - Clicking on element By.xpath: //div[@id='at-cv-lightbox-win']//child::div[@id='at-cv-lightbox-header']//child::a
[INFO ] 2021-01-25 20:31:10.066 [main] SeleniumActions - Clicking on element By.cssSelector: a#btn_basic_example
[INFO ] 2021-01-25 20:31:10.079 [main] Reports - **************************Test Started :simple_form_demo_page
[INFO ] 2021-01-25 20:31:11.562 [main] SeleniumActions - Clicking on element By.xpath: //div/a[contains(text(),'Simple Form Demo')]
[INFO ] 2021-01-25 20:31:11.569 [main] Reports - ************************ Test Passed :simple_form_demo_page
[INFO ] 2021-01-25 20:31:11.578 [main] Reports - **************************Test Started :perform_addition
[INFO ] 2021-01-25 20:31:11.722 [main] SeleniumActions - Entered 4 in By.cssSelector: input#sum1.form-control
[INFO ] 2021-01-25 20:31:11.817 [main] SeleniumActions - Entered 5 in By.cssSelector: input#sum2.form-control
[INFO ] 2021-01-25 20:31:11.859 [main] SeleniumActions - Clicking on element By.xpath: //button[contains(text(),'Get Total')]
[INFO ] 2021-01-25 20:31:11.884 [main] Reports - ************************ Test Passed :perform_addition
[INFO ] 2021-01-25 20:31:13.027 [main] BrowserSetup - **********************Browser Closed*********************************
[INFO ] 2021-01-25 20:31:13.029 [main] BrowserSetup - **************************Test will be run on chrome**************************
[INFO ] 2021-01-25 20:31:16.295 [main] BrowserSetup - *************************Browser Launched******************************
[INFO ] 2021-01-25 20:31:22.358 [main] SeleniumActions - Navigated to :https://www.seleniumeasy.com/test
[INFO ] 2021-01-25 20:31:23.055 [main] SeleniumActions - Clicking on element By.xpath: //div[@id='at-cv-lightbox-win']//child::div[@id='at-cv-lightbox-header']//child::a
[INFO ] 2021-01-25 20:31:23.114 [main] SeleniumActions - Clicking on element By.cssSelector: a#btn_basic_example
[INFO ] 2021-01-25 20:31:23.115 [main] Reports - **************************Test Started :checkBoxDemoPage
[INFO ] 2021-01-25 20:31:24.699 [main] SeleniumActions - Clicking on element By.xpath: //div/a[contains(text(),'Check Box Demo')]
[INFO ] 2021-01-25 20:31:24.799 [main] SeleniumActions - Clicking on element By.cssSelector: input[type='checkbox'][id='isAgeSelected']
[INFO ] 2021-01-25 20:31:24.956 [main] SeleniumActions - Clicking on element By.cssSelector: input[value='Check All']
[ERROR] 2021-01-25 20:31:25.439 [main] Reports - ************************ Test Failed :checkBoxDemoPage
[INFO ] 2021-01-25 20:31:26.571 [main] BrowserSetup - **********************Browser Closed*********************************
[INFO ] 2021-01-25 20:31:26.573 [main] BrowserSetup - **************************Test will be run on chrome**************************
[INFO ] 2021-01-25 20:31:29.872 [main] BrowserSetup - *************************Browser Launched******************************
[INFO ] 2021-01-25 20:31:38.607 [main] SeleniumActions - Navigated to :https://www.seleniumeasy.com/test
[INFO ] 2021-01-25 20:31:38.785 [main] SeleniumActions - Clicking on element By.xpath: //div[@id='at-cv-lightbox-win']//child::div[@id='at-cv-lightbox-header']//child::a
[INFO ] 2021-01-25 20:31:38.868 [main] SeleniumActions - Clicking on element By.cssSelector: a#btn_basic_example
[INFO ] 2021-01-25 20:31:38.869 [main] Reports - **************************Test Started :selectDropdown
[INFO ] 2021-01-25 20:31:40.441 [main] SeleniumActions - Clicking on element By.xpath: //div/a[contains(text(),'Select Dropdown List')]
[INFO ] 2021-01-25 20:31:40.447 [main] SeleniumActions - selecting element from dropdownBy.cssSelector: select#select-demo
[ERROR] 2021-01-25 20:31:41.244 [main] Reports - ************************ Test Failed :selectDropdown
[INFO ] 2021-01-25 20:31:42.376 [main] BrowserSetup - **********************Browser Closed*********************************
